{"total": {"lines":{"total":86,"covered":36,"skipped":0,"pct":41.86},"statements":{"total":87,"covered":37,"skipped":0,"pct":42.53},"functions":{"total":28,"covered":10,"skipped":0,"pct":35.71},"branches":{"total":46,"covered":8,"skipped":0,"pct":17.39}}
,"/Users/michael.rodov/github/google-analytics-spa/src/js/components/google-analytics/GoogleAnalytics.js": {"lines":{"total":86,"covered":36,"skipped":0,"pct":41.86},"functions":{"total":28,"covered":10,"skipped":0,"pct":35.71},"statements":{"total":87,"covered":37,"skipped":0,"pct":42.53},"branches":{"total":46,"covered":8,"skipped":0,"pct":17.39}}
}
