TN:
SF:src/js/components/google-analytics/GoogleAnalytics.js
FN:8,hash
FN:28,getLastPerformanceEntryByName
FN:41,sendDownloadTime
FN:53,sendServerWaitingTime
FN:65,sendDurationTime
FN:83,sendFirstPaintEvent
FN:85,(anonymous_6)
FN:86,(anonymous_7)
FN:105,bindToFirstPaint
FN:115,bindToRequestsPerformance
FN:123,(anonymous_10)
FN:125,(anonymous_11)
FN:126,(anonymous_12)
FN:144,bindToBrowserHistory
FN:146,(anonymous_14)
FN:158,(anonymous_15)
FN:184,(anonymous_16)
FN:194,(anonymous_17)
FN:204,(anonymous_18)
FN:217,(anonymous_19)
FN:231,(anonymous_20)
FN:245,(anonymous_21)
FN:256,(anonymous_22)
FN:267,(anonymous_23)
FN:289,(anonymous_24)
FN:310,(anonymous_25)
FN:335,googleAnalyticsInit
FN:360,gaBuildPageViewState
FNF:28
FNH:10
FNDA:1,hash
FNDA:0,getLastPerformanceEntryByName
FNDA:0,sendDownloadTime
FNDA:0,sendServerWaitingTime
FNDA:0,sendDurationTime
FNDA:0,sendFirstPaintEvent
FNDA:0,(anonymous_6)
FNDA:0,(anonymous_7)
FNDA:0,bindToFirstPaint
FNDA:1,bindToRequestsPerformance
FNDA:1,(anonymous_10)
FNDA:0,(anonymous_11)
FNDA:0,(anonymous_12)
FNDA:1,bindToBrowserHistory
FNDA:0,(anonymous_14)
FNDA:2,(anonymous_15)
FNDA:0,(anonymous_16)
FNDA:0,(anonymous_17)
FNDA:0,(anonymous_18)
FNDA:0,(anonymous_19)
FNDA:0,(anonymous_20)
FNDA:1,(anonymous_21)
FNDA:1,(anonymous_22)
FNDA:0,(anonymous_23)
FNDA:1,(anonymous_24)
FNDA:1,(anonymous_25)
FNDA:1,googleAnalyticsInit
FNDA:0,gaBuildPageViewState
DA:6,1
DA:9,1
DA:10,1
DA:12,1
DA:14,1
DA:15,6
DA:18,1
DA:29,0
DA:30,0
DA:31,0
DA:32,0
DA:34,0
DA:36,0
DA:38,0
DA:42,0
DA:43,0
DA:54,0
DA:55,0
DA:66,0
DA:67,0
DA:84,0
DA:85,0
DA:87,0
DA:88,0
DA:98,0
DA:106,0
DA:108,0
DA:116,1
DA:118,0
DA:120,1
DA:123,1
DA:124,1
DA:125,0
DA:127,0
DA:128,0
DA:129,0
DA:133,0
DA:146,1
DA:147,0
DA:148,0
DA:149,0
DA:153,0
DA:159,2
DA:160,2
DA:161,2
DA:163,2
DA:164,0
DA:169,2
DA:173,2
DA:182,2
DA:184,2
DA:185,0
DA:195,0
DA:205,0
DA:206,0
DA:207,0
DA:218,0
DA:220,0
DA:221,0
DA:232,0
DA:233,0
DA:234,0
DA:246,1
DA:257,1
DA:268,0
DA:269,0
DA:270,0
DA:277,0
DA:290,1
DA:291,1
DA:292,1
DA:301,0
DA:311,1
DA:312,1
DA:313,1
DA:320,0
DA:336,1
DA:337,1
DA:338,1
DA:339,1
DA:341,1
DA:342,0
DA:344,1
DA:345,1
DA:348,1
DA:361,0
LF:86
LH:36
BRDA:12,0,0,1
BRDA:12,0,1,0
BRDA:31,1,0,0
BRDA:31,1,1,0
BRDA:31,2,0,0
BRDA:31,2,1,0
BRDA:41,3,0,0
BRDA:53,4,0,0
BRDA:65,5,0,0
BRDA:71,6,0,0
BRDA:71,6,1,0
BRDA:116,7,0,0
BRDA:116,7,1,1
BRDA:147,8,0,0
BRDA:147,8,1,0
BRDA:147,9,0,0
BRDA:147,9,1,0
BRDA:148,10,0,0
BRDA:148,10,1,0
BRDA:148,11,0,0
BRDA:148,11,1,0
BRDA:149,12,0,0
BRDA:149,12,1,0
BRDA:149,13,0,0
BRDA:149,13,1,0
BRDA:149,13,2,0
BRDA:158,14,0,0
BRDA:158,15,0,0
BRDA:163,16,0,0
BRDA:163,16,1,2
BRDA:169,17,0,1
BRDA:169,17,1,1
BRDA:206,18,0,0
BRDA:206,18,1,0
BRDA:220,19,0,0
BRDA:220,19,1,0
BRDA:233,20,0,0
BRDA:233,20,1,0
BRDA:267,21,0,0
BRDA:289,22,0,0
BRDA:335,23,0,0
BRDA:335,24,0,1
BRDA:335,25,0,1
BRDA:338,26,0,1
BRDA:338,26,1,0
BRDA:360,27,0,0
BRF:46
BRH:8
end_of_record
